<?xml version="1.0" encoding="UTF-8"?>
<testng-results skipped="0" failed="0" ignored="0" total="1" passed="1">
  <reporter-output>
  </reporter-output>
  <suite name="Default suite" duration-ms="1733" started-at="2018-10-23T09:28:35Z" finished-at="2018-10-23T09:28:37Z">
    <groups>
    </groups>
    <test name="Default test" duration-ms="1733" started-at="2018-10-23T09:28:35Z" finished-at="2018-10-23T09:28:37Z">
      <class name="com.qa.test.NewTest">
        <test-method status="PASS" signature="setup()[pri:0, instance:com.qa.test.NewTest@1753acfe]" name="setup" is-config="true" duration-ms="11" started-at="2018-10-23T09:28:35Z" finished-at="2018-10-23T09:28:35Z">
          <reporter-output>
          </reporter-output>
        </test-method> <!-- setup -->
        <test-method status="PASS" signature="gettest()[pri:0, instance:com.qa.test.NewTest@1753acfe]" name="gettest" duration-ms="1675" started-at="2018-10-23T09:28:35Z" finished-at="2018-10-23T09:28:37Z">
          <reporter-output>
          </reporter-output>
        </test-method> <!-- gettest -->
      </class> <!-- com.qa.test.NewTest -->
    </test> <!-- Default test -->
  </suite> <!-- Default suite -->
</testng-results>
